2023-09-24T06:46:56.281Z INFO    :LoadModule               :loadModule()              Loading composer-wallet-filesystem from /home/fabric/.nvm/versions/node/v8.9.4/lib/node_modules/composer-playground/node_modules/composer-wallet-filesystem {}$
2023-09-24T06:46:56.300Z INFO    :PlaygroundAPI            :createServer()            Playground API started on port 8080 {}$
2023-09-24T06:49:54.380Z INFO    :PlaygroundAPI            :createServer()            Client with ID 'u09ZEsF00_VYuBGVAAAA' on host '::ffff:127.0.0.1' connected {}$
2023-09-24T09:07:35.716Z INFO    :LoadModule               :loadModule()              Loading composer-wallet-filesystem from /home/fabric/.nvm/versions/node/v8.9.4/lib/node_modules/composer-playground/node_modules/composer-wallet-filesystem {}$
2023-09-24T09:07:35.744Z INFO    :PlaygroundAPI            :createServer()            Playground API started on port 8080 {}$
2023-09-24T09:08:04.501Z INFO    :PlaygroundAPI            :createServer()            Client with ID 'pNb1-W5VSM6g1fKZAAAA' on host '::ffff:127.0.0.1' connected {}$
2023-09-24T09:08:05.832Z INFO    :PlaygroundAPI            :createServer()            Client with ID 'MZ6ASwYHxz4U2NNEAAAB' on host '::ffff:127.0.0.1' connected {}$
2023-09-24T09:08:06.027Z INFO    :ConnectionProfileManager :getConnectionManagerByTyp Looking up a connection manager for type {"0":"hlfv1"}$
2023-09-24T09:08:06.579Z INFO    :ConnectionProfileManager :getConnectionManagerByTyp Using this connection manager  {"0":{"connectionProfileManager":{}}}$
2023-09-24T09:08:06.839Z INFO    :HLFConnection            :constructor()             Creating a connection using profile hlfv1 to fabric (no business network) {}$
2023-09-24T09:08:06.840Z INFO    :HLFConnection            :createQueryHandler()      attemping to load query handler module ./hlfqueryhandler {}$
2023-09-24T09:08:06.958Z WARN    :HLFConnection            :_connectToEventHubs()     event hub localhost:7051 failed to connect: 14 UNAVAILABLE: Connect Failed {}$
2023-09-24T09:08:07.139Z INFO    :ConnectionProfileManager :getConnectionManagerByTyp Looking up a connection manager for type {"0":"hlfv1"}$
2023-09-24T09:08:07.142Z INFO    :HLFConnection            :constructor()             Creating a connection using profile hlfv1 to fabric (no business network) {}$
2023-09-24T09:08:07.143Z INFO    :HLFConnection            :createQueryHandler()      attemping to load query handler module ./hlfqueryhandler {}$
2023-09-24T09:08:07.211Z WARN    :HLFConnection            :_connectToEventHubs()     event hub localhost:7051 failed to connect: 14 UNAVAILABLE: Connect Failed {}$
2023-09-24T09:08:07.271Z ERROR   :HLFConnection            :ping()                    {"message":"Error trying to ping. Error: No business network has been specified for this connection","stack":"Error: Error trying to ping. Error: No business network has been specified for this connection\n    at _checkRuntimeVersions.then.catch (/home/fabric/.nvm/versions/node/v8.9.4/lib/node_modules/composer-playground/node_modules/composer-connector-hlfv1/lib/hlfconnection.js:886:34)\n    at <anonymous>\n    at runMicrotasksCallback (internal/process/next_tick.js:121:5)\n    at _combinedTickCallback (internal/process/next_tick.js:131:7)\n    at process._tickCallback (internal/process/next_tick.js:180:9)"}$
2023-09-24T09:08:07.272Z ERROR   :ConnectorServer          :connectionPing()          {"message":"Error trying to ping. Error: No business network has been specified for this connection","stack":"Error: Error trying to ping. Error: No business network has been specified for this connection\n    at _checkRuntimeVersions.then.catch (/home/fabric/.nvm/versions/node/v8.9.4/lib/node_modules/composer-playground/node_modules/composer-connector-hlfv1/lib/hlfconnection.js:886:34)\n    at <anonymous>\n    at runMicrotasksCallback (internal/process/next_tick.js:121:5)\n    at _combinedTickCallback (internal/process/next_tick.js:131:7)\n    at process._tickCallback (internal/process/next_tick.js:180:9)"}$
2023-09-24T09:08:19.332Z INFO    :PlaygroundAPI            :createServer()            Client with ID 'pNb1-W5VSM6g1fKZAAAA' on host '::ffff:127.0.0.1' disconnected (transport close) {}$
2023-09-24T09:08:19.334Z INFO    :PlaygroundAPI            :createServer()            Client with ID 'MZ6ASwYHxz4U2NNEAAAB' on host '::ffff:127.0.0.1' disconnected (transport close) {}$
2023-09-24T09:08:21.682Z INFO    :PlaygroundAPI            :createServer()            Client with ID 'fTuKQFlOj1Ba5Bz5AAAC' on host '::ffff:127.0.0.1' connected {}$
2023-09-24T13:56:16.376Z WARN    :HLFConnection            :_connectToEventHubs()     event hub localhost:7051 failed to connect: 14 UNAVAILABLE: Connect Failed {}$
2023-09-24T13:56:19.461Z ERROR   :HLFConnectionManager     :fabric-client()           [Remote.js]: Error: Failed to connect before the deadline {}$
2023-09-24T14:01:50.282Z WARN    :HLFConnection            :_connectToEventHubs()     event hub localhost:7051 failed to connect: 14 UNAVAILABLE: Connect Failed {}$
2023-09-24T14:01:53.361Z ERROR   :HLFConnectionManager     :fabric-client()           [Remote.js]: Error: Failed to connect before the deadline {}$
2023-09-24T14:02:34.201Z WARN    :HLFConnection            :_connectToEventHubs()     event hub localhost:7051 failed to connect: 14 UNAVAILABLE: Connect Failed {}$
2023-09-24T14:02:37.277Z ERROR   :HLFConnectionManager     :fabric-client()           [Remote.js]: Error: Failed to connect before the deadline {}$
2023-09-24T14:24:34.609Z ERROR   :HLFConnectionManager     :fabric-client()           [client-utils.js]: sendPeersProposal - Promise is rejected: Error: transaction returned with failure: Error: The current identity, with the name 'admin' and the identifier '01899e04161a3a6d64670504fa122e55818295352929b6a616333a3739fde3f2', must be activated (ACTIVATION_REQUIRED)
    at /home/fabric/.nvm/versions/node/v8.9.4/lib/node_modules/composer-cli/node_modules/fabric-client/lib/Peer.js:114:16
    at /home/fabric/.nvm/versions/node/v8.9.4/lib/node_modules/composer-cli/node_modules/grpc/src/client.js:586:7 {}$
2023-09-24T14:24:34.610Z WARN    :HLFQueryHandler          :queryChaincode()          query payload returned an error: Error: transaction returned with failure: Error: The current identity, with the name 'admin' and the identifier '01899e04161a3a6d64670504fa122e55818295352929b6a616333a3739fde3f2', must be activated (ACTIVATION_REQUIRED) {}$
2023-09-24T14:24:34.610Z ERROR   :HLFConnection            :ping()                    {"message":"Error trying to ping. Error: transaction returned with failure: Error: The current identity, with the name 'admin' and the identifier '01899e04161a3a6d64670504fa122e55818295352929b6a616333a3739fde3f2', must be activated (ACTIVATION_REQUIRED)","stack":"Error: Error trying to ping. Error: transaction returned with failure: Error: The current identity, with the name 'admin' and the identifier '01899e04161a3a6d64670504fa122e55818295352929b6a616333a3739fde3f2', must be activated (ACTIVATION_REQUIRED)\n    at _checkRuntimeVersions.then.catch (/home/fabric/.nvm/versions/node/v8.9.4/lib/node_modules/composer-cli/node_modules/composer-connector-hlfv1/lib/hlfconnection.js:886:34)\n    at <anonymous>"}$
